\BOOKMARK [0][-]{chapter.1}{\376\377\006\176\006\314\006\064\040\014\006\057\006\061\006\042\006\105\006\057}{}% 1
\BOOKMARK [1][-]{section.1.1}{\376\377\006\105\006\102\006\057\006\105\006\107}{chapter.1}% 2
\BOOKMARK [1][-]{section.1.2}{\376\377\006\052\006\071\006\061\006\314\006\101\000\040\006\105\006\063\006\046\006\104\006\107\000:\000\040\006\067\006\061\006\047\006\055\006\314\000\040\006\314\006\251\000\040\006\105\006\057\006\104\000\040\006\050\006\061\006\047\006\314\000\040\006\057\006\061\006\251\000\040\006\062\006\050\006\047\006\106\000\040\006\067\006\050\006\314\006\071\006\314}{chapter.1}% 3
\BOOKMARK [1][-]{section.1.3}{\376\377\006\047\006\107\006\105\006\314\006\052\000\040\006\105\006\063\006\046\006\104\006\107}{chapter.1}% 4
\BOOKMARK [1][-]{section.1.4}{\376\377\006\047\006\107\006\057\006\047\006\101\000\040\006\176\006\230\006\110\006\107\006\064}{chapter.1}% 5
\BOOKMARK [1][-]{section.1.5}{\376\377\006\063\006\047\006\056\006\052\006\047\006\061\000\040\006\176\006\047\006\314\006\047\006\106\040\014\006\106\006\047\006\105\006\107}{chapter.1}% 6
\BOOKMARK [0][-]{chapter.2}{\376\377\006\047\006\057\006\050\006\314\006\047\006\052\000\040\006\176\006\230\006\110\006\107\006\064}{}% 7
\BOOKMARK [1][-]{section.2.1}{\376\377\006\105\006\102\006\057\006\105\006\107}{chapter.2}% 8
\BOOKMARK [1][-]{section.2.2}{\376\377\006\105\006\101\006\047\006\107\006\314\006\105\000\040\006\176\006\047\006\314\006\107}{chapter.2}% 9
\BOOKMARK [1][-]{section.2.3}{\376\377\006\064\006\050\006\251\006\107\040\014\006\314\000\040\006\071\006\065\006\050\006\314}{chapter.2}% 10
\BOOKMARK [1][-]{section.2.4}{\376\377\006\064\006\050\006\251\006\107\040\014\006\314\000\040\006\071\006\065\006\050\006\314\000\040\006\050\006\047\006\062\006\257\006\064\006\052\006\314}{chapter.2}% 11
\BOOKMARK [1][-]{section.2.5}{\376\377\006\055\006\047\006\101\006\070\006\107\040\014\006\314\000\040\006\251\006\110\006\052\006\047\006\107\040\014\006\105\006\057\006\052\000\040\006\067\006\110\006\104\006\047\006\106\006\314}{chapter.2}% 12
\BOOKMARK [2][-]{subsection.2.5.1}{\376\377\006\055\006\047\006\101\006\070\006\107\040\014\006\314\000\040\006\251\006\110\006\052\006\047\006\107\040\014\006\105\006\057\006\052\000\040\006\067\006\110\006\104\006\047\006\106\006\314\000\040\006\057\006\110\006\067\006\061\006\101\006\107}{section.2.5}% 13
\BOOKMARK [2][-]{subsection.2.5.2}{\376\377\006\105\006\251\006\047\006\106\006\314\006\062\006\105\000\040\006\052\006\110\006\054\006\107}{section.2.5}% 14
\BOOKMARK [2][-]{subsection.2.5.3}{\376\377\006\066\006\071\006\101\000\040\006\060\006\047\006\052\006\314}{section.2.5}% 15
\BOOKMARK [1][-]{section.2.6}{\376\377\006\064\006\050\006\251\006\107\040\014\006\314\000\040\006\071\006\065\006\050\006\314\000\040\006\251\006\047\006\106\006\110\006\104\006\110\006\064\006\106\006\314}{chapter.2}% 16
\BOOKMARK [1][-]{section.2.7}{\376\377\006\105\006\314\006\057\006\047\006\106\000\040\006\052\006\065\006\047\006\057\006\101\006\314\000\040\006\064\006\061\006\067\006\314\000\040\006\062\006\106\006\054\006\314\006\061\006\107\040\014\006\314\000\040\006\056\006\067\006\314}{chapter.2}% 17
\BOOKMARK [1][-]{section.2.8}{\376\377\006\052\006\061\006\106\006\063\006\101\006\110\006\061\006\105\006\061\006\107\006\047}{chapter.2}% 18
\BOOKMARK [2][-]{subsection.2.8.1}{\376\377\006\105\006\251\006\047\006\106\006\314\006\062\006\105\000\040\006\052\006\110\006\054\006\107\000\040\006\206\006\106\006\057\000\040\006\063\006\061}{section.2.8}% 19
\BOOKMARK [3][-]{subsubsection.2.8.1.1}{\376\377\006\052\006\110\006\054\006\107\000\040\006\050\006\107\000\040\006\056\006\110\006\057}{subsection.2.8.1}% 20
\BOOKMARK [3][-]{subsubsection.2.8.1.2}{\376\377\006\052\006\110\006\054\006\107\000\040\006\105\006\052\006\102\006\047\006\050\006\104}{subsection.2.8.1}% 21
\BOOKMARK [2][-]{subsection.2.8.2}{\376\377\006\052\006\071\006\050\006\314\006\107\040\014\006\314\000\040\006\105\006\110\006\102\006\071\006\314\006\052\006\314}{section.2.8}% 22
\BOOKMARK [2][-]{subsection.2.8.3}{\376\377\006\054\006\061\006\314\006\047\006\106\000\040\006\057\006\047\006\057\006\107}{section.2.8}% 23
\BOOKMARK [3][-]{subsubsection.2.8.3.1}{\376\377\006\062\006\105\006\047\006\106\000\040\006\042\006\105\006\110\006\062\006\064}{subsection.2.8.3}% 24
\BOOKMARK [3][-]{subsubsection.2.8.3.2}{\376\377\006\062\006\105\006\047\006\106\000\040\006\047\006\063\006\052\006\106\006\052\006\047\006\054}{subsection.2.8.3}% 25
\BOOKMARK [1][-]{section.2.9}{\376\377\006\052\006\071\006\050\006\314\006\107\040\014\006\314\000\040\006\106\006\064\006\047\006\106\006\107\040\014\006\107\006\047}{chapter.2}% 26
\BOOKMARK [2][-]{subsection.2.9.1}{\376\377\006\052\006\071\006\050\006\314\006\107\040\014\006\314\000\040\006\050\006\061\006\057\006\047\006\061\006\314\000\040\006\053\006\047\006\050\006\052}{section.2.9}% 27
\BOOKMARK [3][-]{subsubsection.2.9.1.1}{\376\377\000W\000o\000r\000d\0002\000V\000e\000c}{subsection.2.9.1}% 28
\BOOKMARK [3][-]{subsubsection.2.9.1.2}{\376\377\000G\000l\000o\000V\000e}{subsection.2.9.1}% 29
\BOOKMARK [2][-]{subsection.2.9.2}{\376\377\006\105\006\057\006\104\040\014\006\107\006\047\006\314\000\040\006\062\006\050\006\047\006\106\006\314}{section.2.9}% 30
\BOOKMARK [3][-]{subsubsection.2.9.2.1}{\376\377\006\047\006\104\006\105\006\110}{subsection.2.9.2}% 31
\BOOKMARK [3][-]{subsubsection.2.9.2.2}{\376\377\006\050\006\061\006\052}{subsection.2.9.2}% 32
\BOOKMARK [1][-]{section.2.10}{\376\377\006\054\006\105\006\071\040\014\006\050\006\106\006\057\006\314}{chapter.2}% 33
\BOOKMARK [0][-]{chapter.3}{\376\377\006\251\006\047\006\061\006\107\006\047\006\314\000\040\006\176\006\314\006\064\006\314\006\106}{}% 34
\BOOKMARK [1][-]{section.3.1}{\376\377\040\014\006\105\006\102\006\057\006\105\006\107}{chapter.3}% 35
\BOOKMARK [1][-]{section.3.2}{\376\377\006\105\006\050\006\052\006\106\006\314\000\040\006\050\006\061\000\040\006\106\006\105\006\047\006\314\006\064\000\040\006\052\006\071\006\050\006\314\006\107\000\040\006\050\006\061\006\057\006\047\006\061\006\314\000\040\006\053\006\047\006\050\006\052}{chapter.3}% 36
\BOOKMARK [1][-]{section.3.3}{\376\377\006\105\006\050\006\052\006\106\006\314\000\040\006\050\006\061\000\040\006\105\006\057\006\104\000\040\006\062\006\050\006\047\006\106\006\314\000\040\006\050\006\107\000\040\006\071\006\106\006\110\006\047\006\106\000\040\006\061\006\105\006\062\006\106\006\257\006\047\006\061}{chapter.3}% 37
\BOOKMARK [1][-]{section.3.4}{\376\377\006\105\006\050\006\052\006\106\006\314\000\040\006\050\006\061\000\040\006\105\006\057\006\104\000\040\006\062\006\050\006\047\006\106\006\314\000\040\006\050\006\107\000\040\006\071\006\106\006\110\006\047\006\106\000\040\006\052\006\071\006\050\006\314\006\107\040\014\006\257\006\061}{chapter.3}% 38
\BOOKMARK [1][-]{section.3.5}{\376\377\006\054\006\105\006\071\040\014\006\050\006\106\006\057\006\314}{chapter.3}% 39
\BOOKMARK [0][-]{chapter.4}{\376\377\006\105\006\057\006\104\000\040\006\176\006\314\006\064\006\106\006\107\006\047\006\057\006\314}{}% 40
\BOOKMARK [1][-]{section.4.1}{\376\377\006\105\006\102\006\057\006\105\006\107}{chapter.4}% 41
\BOOKMARK [1][-]{section.4.2}{\376\377\006\067\006\061\006\055\000\040\006\105\006\057\006\104}{chapter.4}% 42
\BOOKMARK [1][-]{section.4.3}{\376\377\006\061\006\105\006\062\006\106\006\257\006\047\006\061}{chapter.4}% 43
\BOOKMARK [2][-]{subsection.4.3.1}{\376\377\006\105\006\057\006\104\000\040\006\062\006\050\006\047\006\106\006\314\000\040\006\176\006\314\006\064\040\014\006\042\006\105\006\110\006\062\000\040\006\064\006\057\006\107}{section.4.3}% 44
\BOOKMARK [2][-]{subsection.4.3.2}{\376\377\006\064\006\050\006\251\006\107\040\014\006\314\000\040\006\251\006\047\006\106\006\110\006\104\006\110\006\064\006\106\006\314}{section.4.3}% 45
\BOOKMARK [2][-]{subsection.4.3.3}{\376\377\006\052\006\110\006\047\006\104\006\314\000\040\006\110\006\314\006\230\006\257\006\314\000\040\006\176\006\106\006\054\006\061\006\107}{section.4.3}% 46
\BOOKMARK [2][-]{subsection.4.3.4}{\376\377\006\176\006\064\006\052\006\107\040\014\006\314\000\040\006\061\006\105\006\062\006\106\006\257\006\047\006\061\000\040\006\052\006\061\006\106\006\063\006\101\006\110\006\061\006\105\006\061}{section.4.3}% 47
\BOOKMARK [1][-]{section.4.4}{\376\377\006\061\006\105\006\062\006\257\006\064\006\047}{chapter.4}% 48
\BOOKMARK [2][-]{subsection.4.4.1}{\376\377\006\061\006\105\006\062\006\257\006\064\006\047\006\314\000\040\006\052\006\064\006\056\006\314\006\065\000\040\006\107\006\057\006\101}{section.4.4}% 49
\BOOKMARK [2][-]{subsection.4.4.2}{\376\377\006\061\006\105\006\062\006\257\006\064\006\047\006\314\000\040\006\176\006\061\000\040\006\251\006\061\006\057\006\106\000\040\006\054\006\047\006\314\000\040\006\056\006\047\006\104\006\314}{section.4.4}% 50
\BOOKMARK [1][-]{section.4.5}{\376\377\006\052\006\101\006\063\006\314\006\061\000\040\006\056\006\061\006\110\006\054\006\314}{chapter.4}% 51
\BOOKMARK [0][-]{chapter.5}{\376\377\006\176\006\314\006\047\006\057\006\107\040\014\006\063\006\047\006\062\006\314\000\040\006\110\000\040\006\106\006\052\006\047\006\314\006\054}{}% 52
\BOOKMARK [1][-]{section.5.1}{\376\377\006\105\006\102\006\057\006\105\006\107}{chapter.5}% 53
\BOOKMARK [1][-]{section.5.2}{\376\377\006\105\006\054\006\105\006\110\006\071\006\107\000\040\006\057\006\047\006\057\006\107}{chapter.5}% 54
\BOOKMARK [2][-]{subsection.5.2.1}{\376\377\000A\000T\000I\000S}{section.5.2}% 55
\BOOKMARK [2][-]{subsection.5.2.2}{\376\377\000S\000N\000I\000P\000S}{section.5.2}% 56
\BOOKMARK [1][-]{section.5.3}{\376\377\006\105\006\071\006\314\006\047\006\061\006\107\006\047\006\314\000\040\006\047\006\061\006\062\006\314\006\047\006\050\006\314}{chapter.5}% 57
\BOOKMARK [2][-]{subsection.5.3.1}{\376\377\006\047\006\105\006\052\006\314\006\047\006\062\000\040\000f\0001\000\040\006\050\006\061\006\047\006\314\000\040\006\176\006\061\000\040\006\251\006\061\006\057\006\106\000\040\006\054\006\047\006\314\000\040\006\056\006\047\006\104\006\314}{section.5.3}% 58
\BOOKMARK [2][-]{subsection.5.3.2}{\376\377\006\057\006\102\006\052\000\040\006\050\006\061\006\047\006\314\000\040\006\052\006\064\006\056\006\314\006\065\000\040\006\107\006\057\006\101}{section.5.3}% 59
\BOOKMARK [1][-]{section.5.4}{\376\377\006\052\006\106\006\070\006\314\006\105\006\047\006\052\000\040\006\042\006\062\006\105\006\047\006\314\006\064}{chapter.5}% 60
\BOOKMARK [1][-]{section.5.5}{\376\377\006\106\006\052\006\047\006\314\006\054\000\040\006\110\000\040\006\042\006\106\006\047\006\104\006\314\006\062}{chapter.5}% 61
\BOOKMARK [2][-]{subsection.5.5.1}{\376\377\006\047\006\053\006\061\000\040\006\104\006\047\006\314\006\107\000\040\006\251\006\047\006\106\006\110\006\104\006\110\006\064\006\106\000\040\006\050\006\047\000\040\006\061\006\105\006\062\006\106\006\257\006\047\006\061\000\040\006\052\006\061\006\106\006\063\006\101\006\110\006\061\006\105\006\061}{section.5.5}% 62
\BOOKMARK [2][-]{subsection.5.5.2}{\376\377\006\047\006\106\006\057\006\047\006\062\006\107\040\014\006\314\000\040\006\107\006\063\006\052\006\107}{section.5.5}% 63
\BOOKMARK [2][-]{subsection.5.5.3}{\376\377\006\052\006\061\006\047\006\062\006\314\000\040\006\061\006\105\006\062\006\257\006\064\006\047\006\314\000\040\006\052\006\061\006\106\006\063\006\101\006\110\006\061\006\105\006\061}{section.5.5}% 64
\BOOKMARK [2][-]{subsection.5.5.4}{\376\377\006\064\006\314\006\110\006\107\040\014\006\314\000\040\006\047\006\063\006\052\006\101\006\047\006\057\006\107\000\040\006\047\006\062\000\040\006\105\006\057\006\104\000\040\006\062\006\050\006\047\006\106\006\314\000\040\006\057\006\061\000\040\006\105\006\071\006\105\006\047\006\061\006\314\000\040\006\105\006\057\006\104}{section.5.5}% 65
\BOOKMARK [1][-]{section.5.6}{\376\377\006\107\006\062\006\314\006\106\006\107\040\014\006\314\000\040\006\105\006\055\006\047\006\063\006\050\006\047\006\052}{chapter.5}% 66
\BOOKMARK [1][-]{section.5.7}{\376\377\006\050\006\061\006\061\006\063\006\314\000\040\006\064\006\314\006\050\000\040\006\042\006\105\006\110\006\062\006\064}{chapter.5}% 67
\BOOKMARK [1][-]{section.5.8}{\376\377\006\056\006\067\006\047\006\107\006\047\006\314\000\040\006\050\006\047\006\102\006\314\000\040\006\105\006\047\006\106\006\057\006\107}{chapter.5}% 68
\BOOKMARK [2][-]{subsection.5.8.1}{\376\377\006\052\006\055\006\104\006\314\006\104\000\040\006\056\006\067\006\047\006\107\006\047\040\014\006\314\000\040\006\105\006\057\006\104\000\040\006\176\006\314\006\064\006\106\006\107\006\047\006\057\006\314\000\040\006\057\006\061\000\040\000A\000T\000I\000S}{section.5.8}% 69
\BOOKMARK [2][-]{subsection.5.8.2}{\376\377\006\052\006\055\006\104\006\314\006\104\000\040\006\056\006\067\006\047\006\107\006\047\006\314\000\040\006\105\006\057\006\104\000\040\006\176\006\314\006\064\006\106\006\107\006\047\006\057\006\314\000\040\006\057\006\061\000\040\000S\000N\000I\000P\000S}{section.5.8}% 70
\BOOKMARK [0][-]{chapter.6}{\376\377\006\106\006\052\006\314\006\054\006\107\040\014\006\257\006\314\006\061\006\314}{}% 71
\BOOKMARK [0][-]{appendix*.44}{\376\377\006\176\006\314\006\110\006\063\006\052\040\014\006\107\006\047}{}% 72
\BOOKMARK [1][-]{section.Alph3.1}{\376\377\006\054\006\062\006\046\006\314\006\047\006\052\000\040\006\047\006\064\006\052\006\050\006\047\006\107\006\047\006\052\000\040\006\105\006\057\006\104}{appendix*.44}% 73
\BOOKMARK [2][-]{subsection.Alph3.1.1}{\376\377\006\047\006\064\006\052\006\050\006\047\006\107\006\047\006\052\000\040\006\057\006\061\000\040\006\105\006\054\006\105\006\110\006\071\006\107\000\040\006\057\006\047\006\057\006\107\040\014\006\314\000A\000T\000I\000S}{section.Alph3.1}% 74
\BOOKMARK [2][-]{subsection.Alph3.1.2}{\376\377\006\047\006\064\006\052\006\050\006\047\006\107\006\047\006\052\000\040\006\057\006\061\000\040\006\105\006\054\006\105\006\110\006\071\006\107\000\040\006\057\006\047\006\057\006\107\040\014\006\314\000S\000N\000I\000P\000S}{section.Alph3.1}% 75
\BOOKMARK [0][-]{appendix*.45}{\376\377\006\105\006\061\006\047\006\054\006\071}{}% 76
