This is XeTeX, Version 3.141592653-2.6-0.999994 (TeX Live 2022) (preloaded format=xelatex 2023.1.17)  10 FEB 2023 04:41
entering extended mode
 restricted \write18 enabled.
 %&-line parsing enabled.
**Appendices.tex
(./Appendices.tex
LaTeX2e <2022-11-01> patch level 1
L3 programming layer <2022-12-17>
! Undefined control sequence.
l.1 \section
            {خطاهای باقی مانده}
The control sequence at the end of the top line
of your error message was never \def'ed. If you have
misspelled it (e.g., `\hobx'), type `I' and the correct
spelling (e.g., `I\hbox'). Otherwise just continue,
and I'll forget about whatever was undefined.


! LaTeX Error: Missing \begin{document}.

See the LaTeX manual or LaTeX Companion for explanation.
Type  H <return>  for immediate help.
 ...                                              
                                                  
l.1 \section{خ
              طاهای باقی مانده}
You're in trouble here.  Try typing  <return>  to proceed.
If that doesn't work, type  X <return>  to quit.

Missing character: There is no خ ("62E) in font nullfont!
Missing character: There is no ط ("637) in font nullfont!
Missing character: There is no ا ("627) in font nullfont!
Missing character: There is no ه ("647) in font nullfont!
Missing character: There is no ا ("627) in font nullfont!
Missing character: There is no ی ("6CC) in font nullfont!
Missing character: There is no ب ("628) in font nullfont!
Missing character: There is no ا ("627) in font nullfont!
Missing character: There is no ق ("642) in font nullfont!
Missing character: There is no ی ("6CC) in font nullfont!
Missing character: There is no م ("645) in font nullfont!
Missing character: There is no ا ("627) in font nullfont!
Missing character: There is no ن ("646) in font nullfont!
Missing character: There is no د ("62F) in font nullfont!
Missing character: There is no ه ("647) in font nullfont!
Missing character: There is no ه ("647) in font nullfont!
Missing character: There is no م ("645) in font nullfont!
Missing character: There is no ا ("627) in font nullfont!
Missing character: There is no ن ("646) in font nullfont!
Missing character: There is no ط ("637) in font nullfont!
Missing character: There is no و ("648) in font nullfont!
Missing character: There is no ر ("631) in font nullfont!
Missing character: There is no ک ("6A9) in font nullfont!
Missing character: There is no ه ("647) in font nullfont!
Missing character: There is no د ("62F) in font nullfont!
Missing character: There is no ر ("631) in font nullfont!
Missing character: There is no ج ("62C) in font nullfont!
Missing character: There is no د ("62F) in font nullfont!
Missing character: There is no و ("648) in font nullfont!
Missing character: There is no ل ("644) in font nullfont!
Missing character: There is no ن ("646) in font nullfont!
Missing character: There is no ت ("62A) in font nullfont!
Missing character: There is no ا ("627) in font nullfont!
Missing character: There is no ی ("6CC) in font nullfont!
Missing character: There is no ج ("62C) in font nullfont!
Missing character: There is no م ("645) in font nullfont!
Missing character: There is no ش ("634) in font nullfont!
Missing character: There is no خ ("62E) in font nullfont!
Missing character: There is no ص ("635) in font nullfont!
Missing character: There is no ا ("627) in font nullfont!
Missing character: There is no س ("633) in font nullfont!
Missing character: There is no ت ("62A) in font nullfont!
Missing character: There is no ، ("60C) in font nullfont!
Missing character: There is no د ("62F) in font nullfont!
Missing character: There is no ق ("642) in font nullfont!
Missing character: There is no ت ("62A) in font nullfont!
Missing character: There is no م ("645) in font nullfont!
Missing character: There is no د ("62F) in font nullfont!
Missing character: There is no ل ("644) in font nullfont!
Missing character: There is no ‌ ("200C) in font nullfont!
Missing character: There is no ه ("647) in font nullfont!
Missing character: There is no ا ("627) in font nullfont!
Missing character: There is no ی ("6CC) in font nullfont!
Missing character: There is no پ ("67E) in font nullfont!
Missing character: There is no ی ("6CC) in font nullfont!
Missing character: There is no ش ("634) in font nullfont!
Missing character: There is no ن ("646) in font nullfont!
Missing character: There is no ه ("647) in font nullfont!
Missing character: There is no ا ("627) in font nullfont!
Missing character: There is no د ("62F) in font nullfont!
Missing character: There is no ی ("6CC) in font nullfont!
Missing character: There is no ب ("628) in font nullfont!
Missing character: There is no س ("633) in font nullfont!
Missing character: There is no ی ("6CC) in font nullfont!
Missing character: There is no ا ("627) in font nullfont!
Missing character: There is no ر ("631) in font nullfont!
Missing character: There is no ب ("628) in font nullfont!
Missing character: There is no ا ("627) in font nullfont!
Missing character: There is no ل ("644) in font nullfont!
Missing character: There is no ا ("627) in font nullfont!
Missing character: There is no و ("648) in font nullfont!
Missing character: There is no ن ("646) in font nullfont!
Missing character: There is no ز ("632) in font nullfont!
Missing character: There is no د ("62F) in font nullfont!
Missing character: There is no ی ("6CC) in font nullfont!
Missing character: There is no ک ("6A9) in font nullfont!
Missing character: There is no ب ("628) in font nullfont!
Missing character: There is no ه ("647) in font nullfont!
Missing character: There is no ۱ ("6F1) in font nullfont!
Missing character: There is no ۰ ("6F0) in font nullfont!
Missing character: There is no ۰ ("6F0) in font nullfont!
Missing character: There is no د ("62F) in font nullfont!
Missing character: There is no ر ("631) in font nullfont!
Missing character: There is no ص ("635) in font nullfont!
Missing character: There is no د ("62F) in font nullfont!
Missing character: There is no ا ("627) in font nullfont!
Missing character: There is no س ("633) in font nullfont!
Missing character: There is no ت ("62A) in font nullfont!
Missing character: There is no . ("2E) in font nullfont!
Missing character: There is no م ("645) in font nullfont!
Missing character: There is no د ("62F) in font nullfont!
Missing character: There is no ل ("644) in font nullfont!
Missing character: There is no پ ("67E) in font nullfont!
Missing character: There is no ی ("6CC) in font nullfont!
Missing character: There is no ش ("634) in font nullfont!
Missing character: There is no ن ("646) in font nullfont!
Missing character: There is no ه ("647) in font nullfont!
Missing character: There is no ا ("627) in font nullfont!
Missing character: There is no د ("62F) in font nullfont!
Missing character: There is no ی ("6CC) in font nullfont!
Missing character: There is no د ("62F) in font nullfont!
Missing character: There is no ر ("631) in font nullfont!
Missing character: There is no ا ("627) in font nullfont!
Missing character: There is no ی ("6CC) in font nullfont!
Missing character: There is no ن ("646) in font nullfont!
Missing character: There is no پ ("67E) in font nullfont!
Missing character: There is no ا ("627) in font nullfont!
Missing character: There is no ی ("6CC) in font nullfont!
Missing character: There is no ا ("627) in font nullfont!
Missing character: There is no ن ("646) in font nullfont!
Missing character: There is no ‌ ("200C) in font nullfont!
Missing character: There is no ن ("646) in font nullfont!
Missing character: There is no ا ("627) in font nullfont!
Missing character: There is no م ("645) in font nullfont!
Missing character: There is no ه ("647) in font nullfont!
Missing character: There is no ، ("60C) in font nullfont!
Missing character: There is no ب ("628) in font nullfont!
Missing character: There is no ا ("627) in font nullfont!
Missing character: There is no ل ("644) in font nullfont!
Missing character: There is no ا ("627) in font nullfont!
Missing character: There is no ت ("62A) in font nullfont!
Missing character: There is no ر ("631) in font nullfont!
Missing character: There is no ی ("6CC) in font nullfont!
Missing character: There is no ن ("646) in font nullfont!
Missing character: There is no د ("62F) in font nullfont!
Missing character: There is no ق ("642) in font nullfont!
Missing character: There is no ت ("62A) in font nullfont!
Missing character: There is no ر ("631) in font nullfont!
Missing character: There is no ا ("627) in font nullfont!
Missing character: There is no د ("62F) in font nullfont!
Missing character: There is no ر ("631) in font nullfont!
Missing character: There is no و ("648) in font nullfont!
Missing character: There is no ظ ("638) in font nullfont!
Missing character: There is no ی ("6CC) in font nullfont!
Missing character: There is no ف ("641) in font nullfont!
Missing character: There is no ه ("647) in font nullfont!
Missing character: There is no ‌ ("200C) in font nullfont!
Missing character: There is no ی ("6CC) in font nullfont!
Missing character: There is no ت ("62A) in font nullfont!
Missing character: There is no ش ("634) in font nullfont!
Missing character: There is no خ ("62E) in font nullfont!
Missing character: There is no ی ("6CC) in font nullfont!
Missing character: There is no ص ("635) in font nullfont!
Missing character: There is no ج ("62C) in font nullfont!
Missing character: There is no ا ("627) in font nullfont!
Missing character: There is no ی ("6CC) in font nullfont!
Missing character: There is no خ ("62E) in font nullfont!
Missing character: There is no ا ("627) in font nullfont!
Missing character: There is no ل ("644) in font nullfont!
Missing character: There is no ی ("6CC) in font nullfont!
Missing character: There is no ب ("628) in font nullfont!
Missing character: There is no ه ("647) in font nullfont!
Missing character: There is no د ("62F) in font nullfont!
Missing character: There is no س ("633) in font nullfont!
Missing character: There is no ت ("62A) in font nullfont!
Missing character: There is no آ ("622) in font nullfont!
Missing character: There is no و ("648) in font nullfont!
Missing character: There is no ر ("631) in font nullfont!
Missing character: There is no د ("62F) in font nullfont!
Missing character: There is no . ("2E) in font nullfont!
Missing character: There is no ب ("628) in font nullfont!
Missing character: There is no ا ("627) in font nullfont!
Missing character: There is no ت ("62A) in font nullfont!
Missing character: There is no و ("648) in font nullfont!
Missing character: There is no ج ("62C) in font nullfont!
Missing character: There is no ه ("647) in font nullfont!
Missing character: There is no ب ("628) in font nullfont!
Missing character: There is no ه ("647) in font nullfont!
Missing character: There is no ا ("627) in font nullfont!
Missing character: There is no ی ("6CC) in font nullfont!
Missing character: There is no ن ("646) in font nullfont!
Missing character: There is no ک ("6A9) in font nullfont!
Missing character: There is no ه ("647) in font nullfont!
Missing character: There is no ت ("62A) in font nullfont!
Missing character: There is no ع ("639) in font nullfont!
Missing character: There is no د ("62F) in font nullfont!
Missing character: There is no ا ("627) in font nullfont!
Missing character: There is no د ("62F) in font nullfont!
Missing character: There is no ن ("646) in font nullfont!
Missing character: There is no م ("645) in font nullfont!
Missing character: There is no و ("648) in font nullfont!
Missing character: There is no ن ("646) in font nullfont!
Missing character: There is no ه ("647) in font nullfont!
Missing character: There is no ‌ ("200C) in font nullfont!
Missing character: There is no ه ("647) in font nullfont!
Missing character: There is no ا ("627) in font nullfont!
Missing character: There is no ی ("6CC) in font nullfont!
Missing character: There is no م ("645) in font nullfont!
Missing character: There is no و ("648) in font nullfont!
Missing character: There is no ج ("62C) in font nullfont!
Missing character: There is no و ("648) in font nullfont!
Missing character: There is no د ("62F) in font nullfont!
Missing character: There is no د ("62F) in font nullfont!
Missing character: There is no ر ("631) in font nullfont!
Missing character: There is no م ("645) in font nullfont!
Missing character: There is no ج ("62C) in font nullfont!
Missing character: There is no م ("645) in font nullfont!
Missing character: There is no و ("648) in font nullfont!
Missing character: There is no ع ("639) in font nullfont!
Missing character: There is no ه ("647) in font nullfont!
Missing character: There is no ‌ ("200C) in font nullfont!
Missing character: There is no ی ("6CC) in font nullfont!
Missing character: There is no ت ("62A) in font nullfont!
Missing character: There is no س ("633) in font nullfont!
Missing character: There is no ت ("62A) in font nullfont!
Missing character: There is no ، ("60C) in font nullfont!
Missing character: There is no ک ("6A9) in font nullfont!
Missing character: There is no ه ("647) in font nullfont!
Missing character: There is no م ("645) in font nullfont!
Missing character: There is no د ("62F) in font nullfont!
Missing character: There is no ل ("644) in font nullfont!
Missing character: There is no ق ("642) in font nullfont!
Missing character: There is no ا ("627) in font nullfont!
Missing character: There is no د ("62F) in font nullfont!
Missing character: There is no ر ("631) in font nullfont!
Missing character: There is no ب ("628) in font nullfont!
Missing character: There is no ه ("647) in font nullfont!
Missing character: There is no پ ("67E) in font nullfont!
Missing character: There is no ی ("6CC) in font nullfont!
Missing character: There is no ش ("634) in font nullfont!
Missing character: There is no ‌ ("200C) in font nullfont!
Missing character: There is no ب ("628) in font nullfont!
Missing character: There is no ی ("6CC) in font nullfont!
Missing character: There is no ن ("646) in font nullfont!
Missing character: There is no ی ("6CC) in font nullfont!
Missing character: There is no ص ("635) in font nullfont!
Missing character: There is no ح ("62D) in font nullfont!
Missing character: There is no ی ("6CC) in font nullfont!
Missing character: There is no ح ("62D) in font nullfont!
Missing character: There is no آ ("622) in font nullfont!
Missing character: There is no ن ("646) in font nullfont!
Missing character: There is no ن ("646) in font nullfont!
Missing character: There is no ی ("6CC) in font nullfont!
Missing character: There is no س ("633) in font nullfont!
Missing character: There is no ت ("62A) in font nullfont!
Missing character: There is no ، ("60C) in font nullfont!
Missing character: There is no ک ("6A9) in font nullfont!
Missing character: There is no م ("645) in font nullfont!
Missing character: There is no ا ("627) in font nullfont!
Missing character: There is no س ("633) in font nullfont!
Missing character: There is no ت ("62A) in font nullfont!
Missing character: There is no ، ("60C) in font nullfont!
Missing character: There is no ب ("628) in font nullfont!
Missing character: There is no ه ("647) in font nullfont!
Missing character: There is no ت ("62A) in font nullfont!
Missing character: There is no ر ("631) in font nullfont!
Missing character: There is no ا ("627) in font nullfont!
Missing character: There is no س ("633) in font nullfont!
Missing character: There is no ت ("62A) in font nullfont!
Missing character: There is no ب ("628) in font nullfont!
Missing character: There is no ر ("631) in font nullfont!
Missing character: There is no ا ("627) in font nullfont!
Missing character: There is no ی ("6CC) in font nullfont!
Missing character: There is no ا ("627) in font nullfont!
Missing character: There is no ر ("631) in font nullfont!
Missing character: There is no ا ("627) in font nullfont!
Missing character: There is no ئ ("626) in font nullfont!
Missing character: There is no ه ("647) in font nullfont!
Missing character: There is no ی ("6CC) in font nullfont!
Missing character: There is no ک ("6A9) in font nullfont!
Missing character: There is no م ("645) in font nullfont!
Missing character: There is no د ("62F) in font nullfont!
Missing character: There is no ل ("644) in font nullfont!
Missing character: There is no ب ("628) in font nullfont!
Missing character: There is no ه ("647) in font nullfont!
Missing character: There is no ت ("62A) in font nullfont!
Missing character: There is no ر ("631) in font nullfont!
Missing character: There is no ، ("60C) in font nullfont!
Missing character: There is no ض ("636) in font nullfont!
Missing character: There is no ع ("639) in font nullfont!
Missing character: There is no ف ("641) in font nullfont!
Missing character: There is no ‌ ("200C) in font nullfont!
Missing character: There is no ه ("647) in font nullfont!
Missing character: There is no ا ("627) in font nullfont!
Missing character: There is no ی ("6CC) in font nullfont!
Missing character: There is no م ("645) in font nullfont!
Missing character: There is no و ("648) in font nullfont!
Missing character: There is no ج ("62C) in font nullfont!
Missing character: There is no و ("648) in font nullfont!
Missing character: There is no د ("62F) in font nullfont!
Missing character: There is no د ("62F) in font nullfont!
Missing character: There is no ر ("631) in font nullfont!
Missing character: There is no م ("645) in font nullfont!
Missing character: There is no د ("62F) in font nullfont!
Missing character: There is no ل ("644) in font nullfont!
Missing character: There is no ر ("631) in font nullfont!
Missing character: There is no ا ("627) in font nullfont!
Missing character: There is no ش ("634) in font nullfont!
Missing character: There is no ن ("646) in font nullfont!
Missing character: There is no ا ("627) in font nullfont!
Missing character: There is no خ ("62E) in font nullfont!
Missing character: There is no ت ("62A) in font nullfont!
Missing character: There is no ه ("647) in font nullfont!
Missing character: There is no و ("648) in font nullfont!
Missing character: There is no ب ("628) in font nullfont!
Missing character: There is no ر ("631) in font nullfont!
Missing character: There is no ا ("627) in font nullfont!
Missing character: There is no ی ("6CC) in font nullfont!
Missing character: There is no آ ("622) in font nullfont!
Missing character: There is no ن ("646) in font nullfont!
Missing character: There is no ‌ ("200C) in font nullfont!
Missing character: There is no ه ("647) in font nullfont!
Missing character: There is no ا ("627) in font nullfont!
Missing character: There is no ر ("631) in font nullfont!
Missing character: There is no ا ("627) in font nullfont!
Missing character: There is no ه ("647) in font nullfont!
Missing character: There is no ح ("62D) in font nullfont!
Missing character: There is no ل ("644) in font nullfont!
Missing character: There is no د ("62F) in font nullfont!
Missing character: There is no ه ("647) in font nullfont!
Missing character: There is no ی ("6CC) in font nullfont!
Missing character: There is no م ("645) in font nullfont!
Missing character: There is no . ("2E) in font nullfont!
Missing character: There is no ا ("627) in font nullfont!
Missing character: There is no ز ("632) in font nullfont!
Missing character: There is no ا ("627) in font nullfont!
Missing character: There is no ی ("6CC) in font nullfont!
Missing character: There is no ن ("646) in font nullfont!
Missing character: There is no ج ("62C) in font nullfont!
Missing character: There is no ه ("647) in font nullfont!
Missing character: There is no ت ("62A) in font nullfont!
Missing character: There is no ، ("60C) in font nullfont!
Missing character: There is no د ("62F) in font nullfont!
Missing character: There is no ر ("631) in font nullfont!
Missing character: There is no ب ("628) in font nullfont!
Missing character: There is no خ ("62E) in font nullfont!
Missing character: There is no ش ("634) in font nullfont!
Missing character: There is no پ ("67E) in font nullfont!
Missing character: There is no ی ("6CC) in font nullfont!
Missing character: There is no ش ("634) in font nullfont!
Missing character: There is no ر ("631) in font nullfont!
Missing character: There is no و ("648) in font nullfont!
Missing character: There is no ، ("60C) in font nullfont!
Missing character: There is no ن ("646) in font nullfont!
Missing character: There is no م ("645) in font nullfont!
Missing character: There is no و ("648) in font nullfont!
Missing character: There is no ن ("646) in font nullfont!
Missing character: There is no ه ("647) in font nullfont!
Missing character: There is no ‌ ("200C) in font nullfont!
Missing character: There is no ه ("647) in font nullfont!
Missing character: There is no ا ("627) in font nullfont!
Missing character: There is no ی ("6CC) in font nullfont!
Missing character: There is no ی ("6CC) in font nullfont!
Missing character: There is no ر ("631) in font nullfont!
Missing character: There is no ا ("627) in font nullfont!
Missing character: There is no ک ("6A9) in font nullfont!
Missing character: There is no ه ("647) in font nullfont!
Missing character: There is no م ("645) in font nullfont!
Missing character: There is no د ("62F) in font nullfont!
Missing character: There is no ل ("644) in font nullfont!
Missing character: There is no ه ("647) in font nullfont!
Missing character: There is no م ("645) in font nullfont!
Missing character: There is no چ ("686) in font nullfont!
Missing character: There is no ن ("646) in font nullfont!
Missing character: There is no ا ("627) in font nullfont!
Missing character: There is no ن ("646) in font nullfont!
Missing character: There is no د ("62F) in font nullfont!
Missing character: There is no ر ("631) in font nullfont!
Missing character: There is no پ ("67E) in font nullfont!
Missing character: There is no ی ("6CC) in font nullfont!
Missing character: There is no ش ("634) in font nullfont!
Missing character: There is no ‌ ("200C) in font nullfont!
Missing character: There is no ب ("628) in font nullfont!
Missing character: There is no ی ("6CC) in font nullfont!
Missing character: There is no ن ("646) in font nullfont!
Missing character: There is no ی ("6CC) in font nullfont!
Missing character: There is no آ ("622) in font nullfont!
Missing character: There is no ن ("646) in font nullfont!
Missing character: There is no د ("62F) in font nullfont!
Missing character: There is no ر ("631) in font nullfont!
Missing character: There is no س ("633) in font nullfont!
Missing character: There is no ت ("62A) in font nullfont!
Missing character: There is no ع ("639) in font nullfont!
Missing character: There is no م ("645) in font nullfont!
Missing character: There is no ل ("644) in font nullfont!
Missing character: There is no ن ("646) in font nullfont!
Missing character: There is no م ("645) in font nullfont!
Missing character: There is no ی ("6CC) in font nullfont!
Missing character: There is no ‌ ("200C) in font nullfont!
Missing character: There is no ک ("6A9) in font nullfont!
Missing character: There is no ن ("646) in font nullfont!
Missing character: There is no د ("62F) in font nullfont!
Missing character: There is no ر ("631) in font nullfont!
Missing character: There is no ا ("627) in font nullfont!
Missing character: There is no ن ("646) in font nullfont!
Missing character: There is no ش ("634) in font nullfont!
Missing character: There is no ا ("627) in font nullfont!
Missing character: There is no ن ("646) in font nullfont!
Missing character: There is no م ("645) in font nullfont!
Missing character: There is no ی ("6CC) in font nullfont!
Missing character: There is no ‌ ("200C) in font nullfont!
Missing character: There is no د ("62F) in font nullfont!
Missing character: There is no ه ("647) in font nullfont!
Missing character: There is no ی ("6CC) in font nullfont!
Missing character: There is no م ("645) in font nullfont!
Missing character: There is no . ("2E) in font nullfont!
! Undefined control sequence.
l.3 \subsection
               {ATIS}
The control sequence at the end of the top line
of your error message was never \def'ed. If you have
misspelled it (e.g., `\hobx'), type `I' and the correct
spelling (e.g., `I\hbox'). Otherwise just continue,
and I'll forget about whatever was undefined.

Missing character: There is no A ("41) in font nullfont!
Missing character: There is no T ("54) in font nullfont!
Missing character: There is no I ("49) in font nullfont!
Missing character: There is no S ("53) in font nullfont!
Missing character: There is no د ("62F) in font nullfont!
Missing character: There is no ر ("631) in font nullfont!
Missing character: There is no م ("645) in font nullfont!
Missing character: There is no ج ("62C) in font nullfont!
Missing character: There is no م ("645) in font nullfont!
Missing character: There is no و ("648) in font nullfont!
Missing character: There is no ع ("639) in font nullfont!
Missing character: There is no ه ("647) in font nullfont!
Missing character: There is no د ("62F) in font nullfont!
Missing character: There is no ا ("627) in font nullfont!
Missing character: There is no د ("62F) in font nullfont!
Missing character: There is no ه ("647) in font nullfont!
Missing character: There is no ‌ ("200C) in font nullfont!
Missing character: There is no ی ("6CC) in font nullfont!
! Undefined control sequence.
l.4 در مجموعه داده‌ی \lr
                        {ATIS}، تعداد ۱۸ خطا در وظیفه‌ی تشخیص هدف، توسط مدل ...
The control sequence at the end of the top line
of your error message was never \def'ed. If you have
misspelled it (e.g., `\hobx'), type `I' and the correct
spelling (e.g., `I\hbox'). Otherwise just continue,
and I'll forget about whatever was undefined.

Missing character: There is no A ("41) in font nullfont!
Missing character: There is no T ("54) in font nullfont!
Missing character: There is no I ("49) in font nullfont!
Missing character: There is no S ("53) in font nullfont!
Missing character: There is no ، ("60C) in font nullfont!
Missing character: There is no ت ("62A) in font nullfont!
Missing character: There is no ع ("639) in font nullfont!
Missing character: There is no د ("62F) in font nullfont!
Missing character: There is no ا ("627) in font nullfont!
Missing character: There is no د ("62F) in font nullfont!
Missing character: There is no ۱ ("6F1) in font nullfont!
Missing character: There is no ۸ ("6F8) in font nullfont!
Missing character: There is no خ ("62E) in font nullfont!
Missing character: There is no ط ("637) in font nullfont!
Missing character: There is no ا ("627) in font nullfont!
Missing character: There is no د ("62F) in font nullfont!
Missing character: There is no ر ("631) in font nullfont!
Missing character: There is no و ("648) in font nullfont!
Missing character: There is no ظ ("638) in font nullfont!
Missing character: There is no ی ("6CC) in font nullfont!
Missing character: There is no ف ("641) in font nullfont!
Missing character: There is no ه ("647) in font nullfont!
Missing character: There is no ‌ ("200C) in font nullfont!
Missing character: There is no ی ("6CC) in font nullfont!
Missing character: There is no ت ("62A) in font nullfont!
Missing character: There is no ش ("634) in font nullfont!
Missing character: There is no خ ("62E) in font nullfont!
Missing character: There is no ی ("6CC) in font nullfont!
Missing character: There is no ص ("635) in font nullfont!
Missing character: There is no ه ("647) in font nullfont!
Missing character: There is no د ("62F) in font nullfont!
Missing character: There is no ف ("641) in font nullfont!
Missing character: There is no ، ("60C) in font nullfont!
Missing character: There is no ت ("62A) in font nullfont!
Missing character: There is no و ("648) in font nullfont!
Missing character: There is no س ("633) in font nullfont!
Missing character: There is no ط ("637) in font nullfont!
Missing character: There is no م ("645) in font nullfont!
Missing character: There is no د ("62F) in font nullfont!
Missing character: There is no ل ("644) in font nullfont!
Missing character: There is no پ ("67E) in font nullfont!
Missing character: There is no ی ("6CC) in font nullfont!
Missing character: There is no ش ("634) in font nullfont!
Missing character: There is no ن ("646) in font nullfont!
Missing character: There is no ه ("647) in font nullfont!
Missing character: There is no ا ("627) in font nullfont!
Missing character: There is no د ("62F) in font nullfont!
Missing character: There is no ی ("6CC) in font nullfont!
Missing character: There is no ر ("631) in font nullfont!
Missing character: There is no خ ("62E) in font nullfont!
Missing character: There is no د ("62F) in font nullfont!
Missing character: There is no ا ("627) in font nullfont!
Missing character: There is no د ("62F) in font nullfont!
Missing character: There is no . ("2E) in font nullfont!
Missing character: There is no ۵ ("6F5) in font nullfont!
Missing character: There is no م ("645) in font nullfont!
Missing character: There is no و ("648) in font nullfont!
Missing character: There is no ر ("631) in font nullfont!
Missing character: There is no د ("62F) in font nullfont!
Missing character: There is no ا ("627) in font nullfont!
Missing character: There is no ز ("632) in font nullfont!
Missing character: There is no ا ("627) in font nullfont!
Missing character: There is no ی ("6CC) in font nullfont!
Missing character: There is no ن ("646) in font nullfont!
Missing character: There is no خ ("62E) in font nullfont!
Missing character: There is no ط ("637) in font nullfont!
Missing character: There is no ا ("627) in font nullfont!
Missing character: There is no ه ("647) in font nullfont!
Missing character: There is no ا ("627) in font nullfont!
Missing character: There is no ش ("634) in font nullfont!
Missing character: There is no ا ("627) in font nullfont!
Missing character: There is no م ("645) in font nullfont!
Missing character: There is no ل ("644) in font nullfont!
Missing character: There is no م ("645) in font nullfont!
Missing character: There is no و ("648) in font nullfont!
Missing character: There is no ا ("627) in font nullfont!
Missing character: There is no ر ("631) in font nullfont!
Missing character: There is no د ("62F) in font nullfont!
Missing character: There is no ی ("6CC) in font nullfont!
Missing character: There is no ا ("627) in font nullfont!
Missing character: There is no س ("633) in font nullfont!
Missing character: There is no ت ("62A) in font nullfont!
Missing character: There is no ک ("6A9) in font nullfont!
Missing character: There is no ه ("647) in font nullfont!
Missing character: There is no ب ("628) in font nullfont!
Missing character: There is no ر ("631) in font nullfont!
Missing character: There is no چ ("686) in font nullfont!
Missing character: There is no س ("633) in font nullfont!
Missing character: There is no ب ("628) in font nullfont!
Missing character: There is no ه ("647) in font nullfont!
Missing character: There is no د ("62F) in font nullfont!
Missing character: There is no ف ("641) in font nullfont!
Missing character: There is no د ("62F) in font nullfont!
Missing character: There is no ر ("631) in font nullfont!
Missing character: There is no ز ("632) in font nullfont!
Missing character: There is no م ("645) in font nullfont!
Missing character: There is no ا ("627) in font nullfont!
Missing character: There is no ن ("646) in font nullfont!
Missing character: There is no آ ("622) in font nullfont!
Missing character: There is no م ("645) in font nullfont!
Missing character: There is no و ("648) in font nullfont!
Missing character: There is no ز ("632) in font nullfont!
Missing character: There is no ش ("634) in font nullfont!
Missing character: There is no د ("62F) in font nullfont!
Missing character: There is no ی ("6CC) in font nullfont!
Missing character: There is no د ("62F) in font nullfont!
Missing character: There is no ه ("647) in font nullfont!
Missing character: There is no ن ("646) in font nullfont!
Missing character: There is no ش ("634) in font nullfont!
Missing character: There is no د ("62F) in font nullfont!
Missing character: There is no ا ("627) in font nullfont!
Missing character: There is no س ("633) in font nullfont!
Missing character: There is no ت ("62A) in font nullfont!
Missing character: There is no . ("2E) in font nullfont!
Missing character: There is no ا ("627) in font nullfont!
Missing character: There is no ی ("6CC) in font nullfont!
Missing character: There is no ن ("646) in font nullfont!
Missing character: There is no ب ("628) in font nullfont!
Missing character: There is no ر ("631) in font nullfont!
Missing character: There is no چ ("686) in font nullfont!
Missing character: There is no س ("633) in font nullfont!
Missing character: There is no ب ("628) in font nullfont!
Missing character: There is no ‌ ("200C) in font nullfont!
Missing character: There is no ه ("647) in font nullfont!
Missing character: There is no ا ("627) in font nullfont!
Missing character: There is no ، ("60C) in font nullfont!
! Undefined control sequence.
l.4 ... زمان آموزش دیده نشد است. این برچسب‌ها، \lr
                                                  {atis_airfare#atis_flight}...
The control sequence at the end of the top line
of your error message was never \def'ed. If you have
misspelled it (e.g., `\hobx'), type `I' and the correct
spelling (e.g., `I\hbox'). Otherwise just continue,
and I'll forget about whatever was undefined.

Missing character: There is no a ("61) in font nullfont!
Missing character: There is no t ("74) in font nullfont!
Missing character: There is no i ("69) in font nullfont!
Missing character: There is no s ("73) in font nullfont!
! Missing $ inserted.
<inserted text> 
                $
l.4 ...آموزش دیده نشد است. این برچسب‌ها، \lr{atis_
                                                  airfare#atis_flight}، \lr{...
I've inserted a begin-math/end-math symbol since I think
you left one out. Proceed, with fingers crossed.

LaTeX Font Info:    External font `cmex10' loaded for size
(Font)              <7> on input line 4.
LaTeX Font Info:    External font `cmex10' loaded for size
(Font)              <5> on input line 4.
! You can't use `macro parameter character #' in math mode.
l.4 ...ده نشد است. این برچسب‌ها، \lr{atis_airfare#
                                                  atis_flight}، \lr{atis_day...
Sorry, but I'm not programmed to handle this case;
I'll just pretend that you didn't ask for it.
If you're in the wrong mode, you might be able to
return to the right one by typing `I}' or `I$' or `I\par'.

! Extra }, or forgotten $.
l.4 ...این برچسب‌ها، \lr{atis_airfare#atis_flight}
                                                  ، \lr{atis_day_name}، \lr{...
I've deleted a group-closing symbol because it seems to be
spurious, as in `$x}$'. But perhaps the } is legitimate and
you forgot something else, as in `\hbox{$x}'. In such cases
the way to recover is to insert both the forgotten and the
deleted material, e.g., by typing `I$}'.

! Undefined control sequence.
l.4 ...رچسب‌ها، \lr{atis_airfare#atis_flight}، \lr
                                                  {atis_day_name}، \lr{atis_...
The control sequence at the end of the top line
of your error message was never \def'ed. If you have
misspelled it (e.g., `\hobx'), type `I' and the correct
spelling (e.g., `I\hbox'). Otherwise just continue,
and I'll forget about whatever was undefined.

! Undefined control sequence.
l.4 ...rfare#atis_flight}، \lr{atis_day_name}، \lr
                                                  {atis_flight#atis_airline}...
The control sequence at the end of the top line
of your error message was never \def'ed. If you have
misspelled it (e.g., `\hobx'), type `I' and the correct
spelling (e.g., `I\hbox'). Otherwise just continue,
and I'll forget about whatever was undefined.

! You can't use `macro parameter character #' in math mode.
l.4 ...ight}، \lr{atis_day_name}، \lr{atis_flight#
                                                  atis_airline} و \lr{atis_f...
Sorry, but I'm not programmed to handle this case;
I'll just pretend that you didn't ask for it.
If you're in the wrong mode, you might be able to
return to the right one by typing `I}' or `I$' or `I\par'.

! Undefined control sequence.
l.4 ..._name}، \lr{atis_flight#atis_airline} و \lr
                                                  {atis_flight_no#atis_airli...
The control sequence at the end of the top line
of your error message was never \def'ed. If you have
misspelled it (e.g., `\hobx'), type `I' and the correct
spelling (e.g., `I\hbox'). Otherwise just continue,
and I'll forget about whatever was undefined.

! You can't use `macro parameter character #' in math mode.
l.4 ..._flight#atis_airline} و \lr{atis_flight_no#
                                                  atis_airline} هستند. با تو...
Sorry, but I'm not programmed to handle this case;
I'll just pretend that you didn't ask for it.
If you're in the wrong mode, you might be able to
return to the right one by typing `I}' or `I$' or `I\par'.

! Undefined control sequence.
l.4 ...طاها، مشاهده می‌شود که در مجموعه داده‌ی \lr
                                                  {ATIS}، با وجود حدس صحیح و...
The control sequence at the end of the top line
of your error message was never \def'ed. If you have
misspelled it (e.g., `\hobx'), type `I' and the correct
spelling (e.g., `I\hbox'). Otherwise just continue,
and I'll forget about whatever was undefined.

! Undefined control sequence.
l.4 ...می‌دهد. به طور مثال، با مشاهده‌ی جمله‌ی \lr
                                                  {"how many northwest fligh...
The control sequence at the end of the top line
of your error message was never \def'ed. If you have
misspelled it (e.g., `\hobx'), type `I' and the correct
spelling (e.g., `I\hbox'). Otherwise just continue,
and I'll forget about whatever was undefined.

! Undefined control sequence.
l.4 ...west flights leave st. paul"}، مدل، هدف \lr
                                                  {atis_quantity} را پیش‌بین...
The control sequence at the end of the top line
of your error message was never \def'ed. If you have
misspelled it (e.g., `\hobx'), type `I' and the correct
spelling (e.g., `I\hbox'). Otherwise just continue,
and I'll forget about whatever was undefined.

! Undefined control sequence.
l.4 ...تصمیم، به نظر با نمونه‌های آموزشی مانند \lr
                                                  {"how many united flights ...
The control sequence at the end of the top line
of your error message was never \def'ed. If you have
misspelled it (e.g., `\hobx'), type `I' and the correct
spelling (e.g., `I\hbox'). Otherwise just continue,
and I'll forget about whatever was undefined.

! Undefined control sequence.
l.4 ...cisco please"} که دارای مقدار تشخیص هدف \lr
                                                  {atis_quantity} است، همخوا...
The control sequence at the end of the top line
of your error message was never \def'ed. If you have
misspelled it (e.g., `\hobx'), type `I' and the correct
spelling (e.g., `I\hbox'). Otherwise just continue,
and I'll forget about whatever was undefined.


! LaTeX Error: Environment table* undefined.

See the LaTeX manual or LaTeX Companion for explanation.
Type  H <return>  for immediate help.
 ...                                              
                                                  
l.5 \begin{table*}
                  [ht]
Your command was ignored.
Type  I <command> <return>  to replace it with another command,
or  <return>  to continue without it.


! LaTeX Error: File `Tables/table_wrongatis.txt' not found.

Type X to quit or <RETURN> to proceed,
or enter new name. (Default extension: txt)

Enter file name: 
! Emergency stop.
<read *> 
         
l.6 ^^I\input{Tables/table_wrongatis.txt}
                                         ^^M
*** (cannot \read from terminal in nonstop modes)

 
Here is how much of TeX's memory you used:
 21 strings out of 476778
 423 string characters out of 5809503
 1845973 words of memory out of 5000000
 20273 multiletter control sequences out of 15000+600000
 512287 words of font info for 32 fonts, out of 8000000 for 9000
 1348 hyphenation exceptions out of 8191
 18i,2n,26p,1423b,59s stack positions out of 10000i,1000n,20000p,200000b,200000s
No pages of output.
